  Main.cpp
F:\Studying\C++\DD\DD\Rooms.cpp(5,2): error C2653: 'Room': is not a class or namespace name
F:\Studying\C++\DD\DD\Rooms.cpp(5,15): error C4430: missing type specifier - int assumed. Note: C++ does not support default-int
F:\Studying\C++\DD\DD\Rooms.cpp(8,3): error C2065: 'mark': undeclared identifier
F:\Studying\C++\DD\DD\Rooms.cpp(10,14): error C2659: '=': function as left operand
F:\Studying\C++\DD\DD\Rooms.cpp(10,29): error C2059: syntax error: ';'
F:\Studying\C++\DD\DD\Rooms.cpp(10,39): error C2143: syntax error: missing ';' before '{'
F:\Studying\C++\DD\DD\Rooms.cpp(13,3): error C2143: syntax error: missing ';' before '}'
F:\Studying\C++\DD\DD\Rooms.cpp(22,1): error C2143: syntax error: missing ';' before '}'
F:\Studying\C++\DD\DD\Rooms.cpp(25,2): error C2653: 'Room': is not a class or namespace name
F:\Studying\C++\DD\DD\Rooms.cpp(25,9): error C2523: '<Unknown>::~Room': destructor tag mismatch
F:\Studying\C++\DD\DD\Rooms.cpp(25,16): error C2143: syntax error: missing ';' before '{'
F:\Studying\C++\DD\DD\Rooms.cpp(27,2): error C2143: syntax error: missing ';' before '}'
F:\Studying\C++\DD\DD\Rooms.h(5,12): error C2143: syntax error: missing ';' before '{'
F:\Studying\C++\DD\DD\Rooms.h(12,21): error C2065: 'y': undeclared identifier
F:\Studying\C++\DD\DD\Rooms.h(12,22): error C2059: syntax error: ';'
F:\Studying\C++\DD\DD\Rooms.h(13,1): error C2143: syntax error: missing ';' before '}'
F:\Studying\C++\DD\DD\Rooms.h(14,31): error C2143: syntax error: missing ';' before '{'
F:\Studying\C++\DD\DD\Rooms.h(16,1): error C2143: syntax error: missing ';' before '}'
F:\Studying\C++\DD\DD\Rooms.h(17,33): error C2143: syntax error: missing ';' before '{'
F:\Studying\C++\DD\DD\Rooms.h(19,1): error C2143: syntax error: missing ';' before '}'
F:\Studying\C++\DD\DD\Rooms.h(20,33): error C2143: syntax error: missing ';' before '{'
F:\Studying\C++\DD\DD\Rooms.h(22,1): error C2143: syntax error: missing ';' before '}'
F:\Studying\C++\DD\DD\Rooms.h(23,34): error C2143: syntax error: missing ';' before '{'
F:\Studying\C++\DD\DD\Rooms.h(25,1): error C2143: syntax error: missing ';' before '}'
F:\Studying\C++\DD\DD\Rooms.cpp(5,2): error C2653: 'Room': is not a class or namespace name
F:\Studying\C++\DD\DD\Rooms.cpp(5,15): error C2143: syntax error: missing ';' before '{'
F:\Studying\C++\DD\DD\Rooms.cpp(10,29): error C2059: syntax error: ';'
F:\Studying\C++\DD\DD\Rooms.cpp(10,39): error C2143: syntax error: missing ';' before '{'
F:\Studying\C++\DD\DD\Rooms.cpp(13,3): error C2143: syntax error: missing ';' before '}'
F:\Studying\C++\DD\DD\Rooms.cpp(22,1): error C2143: syntax error: missing ';' before '}'
F:\Studying\C++\DD\DD\Rooms.cpp(25,2): error C2653: 'Room': is not a class or namespace name
F:\Studying\C++\DD\DD\Rooms.cpp(25,9): error C2523: '<Unknown>::~Room': destructor tag mismatch
F:\Studying\C++\DD\DD\Rooms.cpp(25,16): error C2143: syntax error: missing ';' before '{'
F:\Studying\C++\DD\DD\Rooms.cpp(27,2): error C2143: syntax error: missing ';' before '}'
F:\Studying\C++\DD\DD\Main.cpp(7,12): error C2143: syntax error: missing ';' before '{'
F:\Studying\C++\DD\DD\Main.cpp(12,1): error C2143: syntax error: missing ';' before '}'
F:\Studying\C++\DD\DD\Main.cpp(13,1): error C2143: syntax error: missing ';' before '}'
F:\Studying\C++\DD\DD\Main.cpp(13,1): fatal error C1004: unexpected end-of-file found
  Rooms.cpp
F:\Studying\C++\DD\DD\Rooms.cpp(5,2): error C2653: 'Room': is not a class or namespace name
F:\Studying\C++\DD\DD\Rooms.cpp(5,15): error C4430: missing type specifier - int assumed. Note: C++ does not support default-int
F:\Studying\C++\DD\DD\Rooms.cpp(8,3): error C2065: 'mark': undeclared identifier
F:\Studying\C++\DD\DD\Rooms.cpp(10,14): error C2659: '=': function as left operand
F:\Studying\C++\DD\DD\Rooms.cpp(10,29): error C2059: syntax error: ';'
F:\Studying\C++\DD\DD\Rooms.cpp(10,39): error C2143: syntax error: missing ';' before '{'
F:\Studying\C++\DD\DD\Rooms.cpp(13,3): error C2143: syntax error: missing ';' before '}'
F:\Studying\C++\DD\DD\Rooms.cpp(22,1): error C2143: syntax error: missing ';' before '}'
F:\Studying\C++\DD\DD\Rooms.cpp(25,2): error C2653: 'Room': is not a class or namespace name
F:\Studying\C++\DD\DD\Rooms.cpp(25,9): error C2523: '<Unknown>::~Room': destructor tag mismatch
F:\Studying\C++\DD\DD\Rooms.cpp(25,16): error C2143: syntax error: missing ';' before '{'
F:\Studying\C++\DD\DD\Rooms.cpp(27,2): error C2143: syntax error: missing ';' before '}'
F:\Studying\C++\DD\DD\Rooms.h(5,12): error C2143: syntax error: missing ';' before '{'
F:\Studying\C++\DD\DD\Rooms.h(12,21): error C2065: 'y': undeclared identifier
F:\Studying\C++\DD\DD\Rooms.h(12,22): error C2059: syntax error: ';'
F:\Studying\C++\DD\DD\Rooms.h(13,1): error C2143: syntax error: missing ';' before '}'
F:\Studying\C++\DD\DD\Rooms.h(14,31): error C2143: syntax error: missing ';' before '{'
F:\Studying\C++\DD\DD\Rooms.h(16,1): error C2143: syntax error: missing ';' before '}'
F:\Studying\C++\DD\DD\Rooms.h(17,33): error C2143: syntax error: missing ';' before '{'
F:\Studying\C++\DD\DD\Rooms.h(19,1): error C2143: syntax error: missing ';' before '}'
F:\Studying\C++\DD\DD\Rooms.h(20,33): error C2143: syntax error: missing ';' before '{'
F:\Studying\C++\DD\DD\Rooms.h(22,1): error C2143: syntax error: missing ';' before '}'
F:\Studying\C++\DD\DD\Rooms.h(23,34): error C2143: syntax error: missing ';' before '{'
F:\Studying\C++\DD\DD\Rooms.h(25,1): error C2143: syntax error: missing ';' before '}'
F:\Studying\C++\DD\DD\Rooms.cpp(5,2): error C2653: 'Room': is not a class or namespace name
F:\Studying\C++\DD\DD\Rooms.cpp(5,15): error C2143: syntax error: missing ';' before '{'
F:\Studying\C++\DD\DD\Rooms.cpp(10,29): error C2059: syntax error: ';'
F:\Studying\C++\DD\DD\Rooms.cpp(10,39): error C2143: syntax error: missing ';' before '{'
F:\Studying\C++\DD\DD\Rooms.cpp(13,3): error C2143: syntax error: missing ';' before '}'
F:\Studying\C++\DD\DD\Rooms.cpp(22,1): error C2143: syntax error: missing ';' before '}'
F:\Studying\C++\DD\DD\Rooms.cpp(25,2): error C2653: 'Room': is not a class or namespace name
F:\Studying\C++\DD\DD\Rooms.cpp(25,9): error C2523: '<Unknown>::~Room': destructor tag mismatch
F:\Studying\C++\DD\DD\Rooms.cpp(25,16): error C2143: syntax error: missing ';' before '{'
F:\Studying\C++\DD\DD\Rooms.cpp(27,2): error C2143: syntax error: missing ';' before '}'
F:\Studying\C++\DD\DD\Rooms.cpp(29,1): error C2143: syntax error: missing ';' before '}'
F:\Studying\C++\DD\DD\Rooms.cpp(29,1): fatal error C1004: unexpected end-of-file found
  Generating Code...
